TN:
SF:C:\Users\gyy\WebstormProjects\flowershop-master-agile1/app.js
FN:64,(anonymous_0)
FN:69,(anonymous_1)
FNF:2
FNH:0
FNDA:0,(anonymous_0)
FNDA:0,(anonymous_1)
DA:2,1
DA:3,1
DA:4,1
DA:5,1
DA:6,1
DA:8,1
DA:9,1
DA:10,1
DA:11,1
DA:13,1
DA:16,1
DA:17,1
DA:19,1
DA:20,1
DA:21,1
DA:22,1
DA:23,1
DA:46,1
DA:47,1
DA:48,1
DA:49,1
DA:51,1
DA:52,1
DA:53,1
DA:54,1
DA:55,1
DA:56,1
DA:57,1
DA:58,1
DA:59,1
DA:64,1
DA:65,0
DA:69,1
DA:71,0
DA:72,0
DA:75,0
DA:76,0
DA:79,1
LF:38
LH:33
BRDA:72,0,0,0
BRDA:72,0,1,0
BRDA:75,1,0,0
BRDA:75,1,1,0
BRF:4
BRH:0
end_of_record
TN:
SF:C:\Users\gyy\WebstormProjects\flowershop-master-agile1/config.js
FNF:0
FNH:0
DA:1,1
LF:1
LH:1
BRF:0
BRH:0
end_of_record
TN:
SF:C:\Users\gyy\WebstormProjects\flowershop-master-agile1\models/order.js
FNF:0
FNH:0
DA:1,1
DA:3,1
DA:8,1
LF:3
LH:3
BRF:0
BRH:0
end_of_record
TN:
SF:C:\Users\gyy\WebstormProjects\flowershop-master-agile1\models/product.js
FNF:0
FNH:0
DA:1,1
DA:3,1
DA:12,1
LF:3
LH:3
BRF:0
BRH:0
end_of_record
TN:
SF:C:\Users\gyy\WebstormProjects\flowershop-master-agile1\models/user.js
FNF:0
FNH:0
DA:1,1
DA:3,1
DA:12,1
LF:3
LH:3
BRF:0
BRH:0
end_of_record
TN:
SF:C:\Users\gyy\WebstormProjects\flowershop-master-agile1\routes/admin.js
FN:14,(anonymous_0)
FN:17,(anonymous_1)
FN:21,(anonymous_2)
FN:22,(anonymous_3)
FN:31,(anonymous_4)
FN:32,(anonymous_5)
FN:42,(anonymous_6)
FN:52,(anonymous_7)
FN:60,(anonymous_8)
FN:62,(anonymous_9)
FN:69,(anonymous_10)
FN:70,(anonymous_11)
FN:79,(anonymous_12)
FN:88,(anonymous_13)
FN:89,(anonymous_14)
FN:100,(anonymous_15)
FN:102,(anonymous_16)
FN:113,(anonymous_17)
FN:115,(anonymous_18)
FN:124,(anonymous_19)
FN:125,(anonymous_20)
FN:131,(anonymous_21)
FNF:22
FNH:21
FNDA:0,(anonymous_0)
FNDA:1,(anonymous_1)
FNDA:1,(anonymous_2)
FNDA:1,(anonymous_3)
FNDA:5,(anonymous_4)
FNDA:5,(anonymous_5)
FNDA:1,(anonymous_6)
FNDA:1,(anonymous_7)
FNDA:2,(anonymous_8)
FNDA:2,(anonymous_9)
FNDA:1,(anonymous_10)
FNDA:1,(anonymous_11)
FNDA:1,(anonymous_12)
FNDA:1,(anonymous_13)
FNDA:1,(anonymous_14)
FNDA:4,(anonymous_15)
FNDA:4,(anonymous_16)
FNDA:2,(anonymous_17)
FNDA:2,(anonymous_18)
FNDA:3,(anonymous_19)
FNDA:3,(anonymous_20)
FNDA:1,(anonymous_21)
DA:1,1
DA:2,1
DA:4,1
DA:5,1
DA:6,1
DA:9,1
DA:12,1
DA:14,1
DA:15,0
DA:17,1
DA:18,1
DA:21,1
DA:22,1
DA:23,1
DA:24,0
DA:26,1
DA:31,1
DA:32,5
DA:33,5
DA:34,2
DA:38,3
DA:42,1
DA:44,1
DA:46,1
DA:47,1
DA:48,1
DA:49,1
DA:50,1
DA:52,1
DA:53,1
DA:54,0
DA:56,1
DA:60,1
DA:62,2
DA:63,2
DA:64,1
DA:66,1
DA:69,1
DA:70,1
DA:71,1
DA:72,0
DA:74,1
DA:75,1
DA:76,1
DA:77,1
DA:78,1
DA:79,1
DA:80,1
DA:81,0
DA:83,1
DA:88,1
DA:89,1
DA:90,1
DA:91,0
DA:94,1
DA:95,1
DA:100,1
DA:102,4
DA:105,4
DA:106,2
DA:108,2
DA:109,4
DA:113,1
DA:115,2
DA:116,2
DA:117,1
DA:120,1
DA:124,1
DA:125,3
DA:126,3
DA:127,2
DA:129,1
DA:130,1
DA:131,1
DA:132,1
DA:133,0
DA:135,1
DA:144,1
LF:78
LH:71
BRDA:23,0,0,0
BRDA:23,0,1,1
BRDA:33,1,0,2
BRDA:33,1,1,3
BRDA:33,2,0,5
BRDA:33,2,1,4
BRDA:53,3,0,0
BRDA:53,3,1,1
BRDA:63,4,0,1
BRDA:63,4,1,1
BRDA:71,5,0,0
BRDA:71,5,1,1
BRDA:80,6,0,0
BRDA:80,6,1,1
BRDA:90,7,0,0
BRDA:90,7,1,1
BRDA:105,8,0,2
BRDA:105,8,1,2
BRDA:105,9,0,4
BRDA:105,9,1,3
BRDA:116,10,0,1
BRDA:116,10,1,1
BRDA:126,11,0,2
BRDA:126,11,1,1
BRDA:132,12,0,0
BRDA:132,12,1,1
BRF:26
BRH:20
end_of_record
TN:
SF:C:\Users\gyy\WebstormProjects\flowershop-master-agile1\routes/general.js
FN:11,(anonymous_0)
FN:14,(anonymous_1)
FN:19,(anonymous_2)
FN:20,(anonymous_3)
FN:30,(anonymous_4)
FN:32,(anonymous_5)
FNF:6
FNH:5
FNDA:0,(anonymous_0)
FNDA:1,(anonymous_1)
FNDA:1,(anonymous_2)
FNDA:1,(anonymous_3)
FNDA:2,(anonymous_4)
FNDA:2,(anonymous_5)
DA:1,1
DA:2,1
DA:3,1
DA:4,1
DA:6,1
DA:9,1
DA:11,1
DA:12,0
DA:14,1
DA:15,1
DA:19,1
DA:20,1
DA:21,1
DA:22,0
DA:24,1
DA:30,1
DA:31,2
DA:32,2
DA:33,2
DA:34,1
DA:36,1
DA:40,1
LF:22
LH:20
BRDA:21,0,0,0
BRDA:21,0,1,1
BRDA:33,1,0,1
BRDA:33,1,1,1
BRF:4
BRH:3
end_of_record
TN:
SF:C:\Users\gyy\WebstormProjects\flowershop-master-agile1\routes/index.js
FNF:0
FNH:0
DA:2,1
DA:3,1
DA:10,1
LF:3
LH:3
BRF:0
BRH:0
end_of_record
TN:
SF:C:\Users\gyy\WebstormProjects\flowershop-master-agile1\routes/user.js
FN:16,(anonymous_0)
FN:19,(anonymous_1)
FN:26,(anonymous_2)
FN:33,(anonymous_3)
FN:38,(anonymous_4)
FN:47,(anonymous_5)
FN:58,(anonymous_6)
FN:85,(anonymous_7)
FN:93,(anonymous_8)
FN:104,(anonymous_9)
FN:108,(anonymous_10)
FN:118,(anonymous_11)
FN:121,(anonymous_12)
FN:129,(anonymous_13)
FN:133,(anonymous_14)
FNF:15
FNH:14
FNDA:0,(anonymous_0)
FNDA:1,(anonymous_1)
FNDA:2,(anonymous_2)
FNDA:2,(anonymous_3)
FNDA:1,(anonymous_4)
FNDA:5,(anonymous_5)
FNDA:3,(anonymous_6)
FNDA:4,(anonymous_7)
FNDA:1,(anonymous_8)
FNDA:2,(anonymous_9)
FNDA:2,(anonymous_10)
FNDA:4,(anonymous_11)
FNDA:4,(anonymous_12)
FNDA:2,(anonymous_13)
FNDA:2,(anonymous_14)
DA:1,1
DA:2,1
DA:3,1
DA:4,1
DA:5,1
DA:6,1
DA:7,1
DA:9,1
DA:14,1
DA:16,1
DA:17,0
DA:19,1
DA:20,1
DA:24,1
DA:26,1
DA:27,2
DA:32,2
DA:33,2
DA:34,2
DA:35,1
DA:37,1
DA:38,1
DA:39,1
DA:40,1
DA:47,1
DA:48,5
DA:49,5
DA:50,5
DA:51,1
DA:52,1
DA:54,4
DA:55,1
DA:56,1
DA:58,3
DA:59,3
DA:60,1
DA:61,2
DA:66,0
DA:77,2
DA:78,2
DA:85,1
DA:86,4
DA:89,4
DA:90,4
DA:91,3
DA:93,1
DA:94,1
DA:95,1
DA:104,1
DA:106,2
DA:108,2
DA:109,2
DA:110,0
DA:112,2
DA:118,1
DA:119,4
DA:121,4
DA:122,4
DA:123,2
DA:125,2
DA:129,1
DA:130,2
DA:133,2
DA:134,2
DA:135,1
DA:137,1
DA:142,1
LF:67
LH:64
BRDA:34,0,0,1
BRDA:34,0,1,1
BRDA:39,1,0,0
BRDA:39,1,1,1
BRDA:50,2,0,1
BRDA:50,2,1,4
BRDA:50,3,0,5
BRDA:50,3,1,4
BRDA:54,4,0,1
BRDA:54,4,1,3
BRDA:54,5,0,4
BRDA:54,5,1,3
BRDA:59,6,0,1
BRDA:59,6,1,2
BRDA:61,7,0,0
BRDA:61,7,1,2
BRDA:77,8,0,2
BRDA:77,8,1,0
BRDA:90,9,0,3
BRDA:90,9,1,1
BRDA:94,10,0,1
BRDA:94,10,1,0
BRDA:109,11,0,0
BRDA:109,11,1,2
BRDA:122,12,0,2
BRDA:122,12,1,2
BRDA:122,13,0,4
BRDA:122,13,1,3
BRDA:134,14,0,1
BRDA:134,14,1,1
BRF:30
BRH:25
end_of_record
